<?xml version="1.0" encoding="utf-8" standalone="no"?>
<!--This file represents the results of running a test suite-->
<test-results name="toy/bin/Release/toy.dll" total="4" errors="0" failures="0" not-run="1" inconclusive="0" ignored="1" skipped="0" invalid="0" date="2010-10-14" time="16:52:46">
  <environment nunit-version="2.5.7.10213" clr-version="2.0.50727.3615" os-version="Microsoft Windows NT 5.1.2600 Service Pack 3" platform="Win32NT" cwd="C:\projects\toy" machine-name="PATRIC-67ED14C3" user="Administrator" user-domain="PATRIC-67ED14C3" />
  <culture-info current-culture="en-GB" current-uiculture="en-US" />
  <test-suite type="Assembly" name="toy/bin/Release/toy.dll" executed="True" result="Success" success="True" time="0.453" asserts="0">
    <results>
      <test-suite type="Namespace" name="toy" executed="True" result="Success" success="True" time="0.453" asserts="0">
        <results>
          <test-suite type="TestFixture" name="RandomTests" executed="True" result="Success" success="True" time="0.453" asserts="0">
            <results>
              <test-case name="toy.RandomTests.ShouldBeAbleToAccessFieldsOfAnonymousType" executed="True" result="Success" success="True" time="0.016" asserts="1" />
              <test-case name="toy.RandomTests.ShouldBeAbleToAccessFieldsOfAnonymousWithoutTypeInfo" executed="True" result="Success" success="True" time="0.000" asserts="1" />
              <test-case name="toy.RandomTests.ShouldBeAbleToVerifyAnonymousTypeParameter" executed="True" result="Success" success="True" time="0.422" asserts="0" />
              <test-case name="toy.RandomTests.ShouldBeAbleToVerifyParameter" executed="True" result="Success" success="True" time="0.016" asserts="0" />
            </results>
          </test-suite>
          <test-suite type="TestFixture" name="XsltWithSpecialCharactersTest" executed="False" result="Ignored">
            <reason>
              <message><![CDATA[]]></message>
            </reason>
            <results>
              <test-case name="toy.XsltWithSpecialCharactersTest.ShouldParse" executed="False" result="Ignored">
                <reason>
                  <message><![CDATA[]]></message>
                </reason>
              </test-case>
            </results>
          </test-suite>
        </results>
      </test-suite>
    </results>
  </test-suite>
</test-results>